2023-01-31 11:25:14,475 [Worker-9: Loading available Gradle versions] INFO  o.e.b.c.i.u.g.PublishedGradleVersions - Gradle version information cache is up-to-date. Trying to read.
2023-02-01 08:49:27,709 [Worker-8: Loading available Gradle versions] INFO  o.e.b.c.i.u.g.PublishedGradleVersions - Gradle version information cache is up-to-date. Trying to read.
2023-02-02 08:57:19,527 [Worker-8: Loading available Gradle versions] INFO  o.e.b.c.i.u.g.PublishedGradleVersions - Gradle version information cache is out-of-date. Trying to update.
2023-02-03 08:53:02,125 [Worker-5: Loading available Gradle versions] INFO  o.e.b.c.i.u.g.PublishedGradleVersions - Gradle version information cache is up-to-date. Trying to read.
2023-02-03 09:49:15,358 [Worker-1: Loading available Gradle versions] INFO  o.e.b.c.i.u.g.PublishedGradleVersions - Gradle version information cache is out-of-date. Trying to update.
2023-02-03 15:00:46,955 [Worker-8: Loading available Gradle versions] INFO  o.e.b.c.i.u.g.PublishedGradleVersions - Gradle version information cache is up-to-date. Trying to read.
2023-02-06 08:56:07,480 [Worker-8: Loading available Gradle versions] INFO  o.e.b.c.i.u.g.PublishedGradleVersions - Gradle version information cache is out-of-date. Trying to update.
2023-02-07 09:08:43,338 [Worker-32: Loading available Gradle versions] INFO  o.e.b.c.i.u.g.PublishedGradleVersions - Gradle version information cache is out-of-date. Trying to update.
2023-02-08 08:55:49,144 [Worker-8: Loading available Gradle versions] INFO  o.e.b.c.i.u.g.PublishedGradleVersions - Gradle version information cache is up-to-date. Trying to read.
2023-02-09 09:02:56,010 [Worker-2: Loading available Gradle versions] INFO  o.e.b.c.i.u.g.PublishedGradleVersions - Gradle version information cache is out-of-date. Trying to update.
2023-02-10 09:00:14,404 [Worker-1: Loading available Gradle versions] INFO  o.e.b.c.i.u.g.PublishedGradleVersions - Gradle version information cache is up-to-date. Trying to read.
2023-02-10 15:33:16,214 [Worker-153: http://downloads.sourceforge.net/project/sapnweclipse/updates/features/com.sap.netweaver.porta.ide.eclipse.feature_0.4.2.200908121739.jar] INFO  o.a.h.c.h.i.c.HttpRequestRetryExec - Recoverable I/O exception (org.apache.hc.core5.http.NoHttpResponseException) caught when processing request to {}->http://jaist.dl.sourceforge.net:80
2023-02-10 15:33:16,504 [Worker-159: http://downloads.sourceforge.net/project/sapnweclipse/updates/features/com.sap.netweaver.porta.ide.eclipse.feature_0.4.2.200908121739.jar] INFO  o.a.h.c.h.i.c.HttpRequestRetryExec - Recoverable I/O exception (org.apache.hc.core5.http.NoHttpResponseException) caught when processing request to {}->http://jaist.dl.sourceforge.net:80
2023-02-10 15:33:16,946 [Worker-166: http://downloads.sourceforge.net/project/sapnweclipse/updates/features/com.sap.netweaver.porta.ide.eclipse.feature_0.5.0.200909151631.jar] INFO  o.a.h.c.h.i.c.HttpRequestRetryExec - Recoverable I/O exception (org.apache.hc.core5.http.NoHttpResponseException) caught when processing request to {}->http://jaist.dl.sourceforge.net:80
2023-02-10 15:33:17,231 [Worker-160: http://downloads.sourceforge.net/project/sapnweclipse/updates/features/com.sap.netweaver.porta.ide.eclipse.feature_0.5.0.200909151631.jar] INFO  o.a.h.c.h.i.c.HttpRequestRetryExec - Recoverable I/O exception (org.apache.hc.core5.http.NoHttpResponseException) caught when processing request to {}->http://jaist.dl.sourceforge.net:80
2023-02-10 15:33:18,713 [Worker-160: http://downloads.sourceforge.net/project/sapnweclipse/updates/features/com.sap.netweaver.porta.ide.eclipse.feature_0.6.2.201004151946.jar] INFO  o.a.h.c.h.i.c.HttpRequestRetryExec - Recoverable I/O exception (org.apache.hc.core5.http.NoHttpResponseException) caught when processing request to {}->http://jaist.dl.sourceforge.net:80
2023-02-10 15:33:19,184 [Worker-158: http://downloads.sourceforge.net/project/sapnweclipse/updates/features/com.sap.netweaver.porta.ide.eclipse.feature_0.6.2.201004151946.jar] INFO  o.a.h.c.h.i.c.HttpRequestRetryExec - Recoverable I/O exception (org.apache.hc.core5.http.NoHttpResponseException) caught when processing request to {}->http://jaist.dl.sourceforge.net:80
2023-02-10 15:33:19,460 [Worker-162: http://downloads.sourceforge.net/project/sapnweclipse/updates/features/com.sap.netweaver.porta.ide.eclipse.feature_0.6.3.201004231243.jar] INFO  o.a.h.c.h.i.c.HttpRequestRetryExec - Recoverable I/O exception (org.apache.hc.core5.http.NoHttpResponseException) caught when processing request to {}->http://jaist.dl.sourceforge.net:80
2023-02-10 15:33:20,921 [Worker-158: http://downloads.sourceforge.net/project/sapnweclipse/updates/features/com.sap.netweaver.porta.ide.eclipse.feature_0.7.2.201006211643.jar] INFO  o.a.h.c.h.i.c.HttpRequestRetryExec - Recoverable I/O exception (org.apache.hc.core5.http.NoHttpResponseException) caught when processing request to {}->http://jaist.dl.sourceforge.net:80
2023-02-10 15:33:23,729 [Worker-162: https://download.oracle.com/otn_software/oepe/library/oracle-maf-2.2.1-examples/p2.index] INFO  o.a.h.c.h.i.c.HttpRequestRetryExec - Recoverable I/O exception (java.net.SocketException) caught when processing request to {s}->https://download.oracle.com:443
2023-02-10 15:33:23,736 [Worker-161: https://download.eclipse.org/jetty/updates/jetty-wtp/1.0.0.201107261728/content.jar] INFO  o.a.h.c.h.i.c.HttpRequestRetryExec - Recoverable I/O exception (java.net.SocketException) caught when processing request to {s}->https://archive.eclipse.org:443
2023-02-10 15:33:50,412 [Worker-24: Loading available Gradle versions] INFO  o.e.b.c.i.u.g.PublishedGradleVersions - Gradle version information cache is out-of-date. Trying to update.
2023-02-13 08:55:51,757 [Worker-9: Loading available Gradle versions] INFO  o.e.b.c.i.u.g.PublishedGradleVersions - Gradle version information cache is out-of-date. Trying to update.
2023-02-14 08:52:19,995 [Worker-5: Loading available Gradle versions] INFO  o.e.b.c.i.u.g.PublishedGradleVersions - Gradle version information cache is up-to-date. Trying to read.
2023-02-15 08:57:58,187 [Worker-8: Loading available Gradle versions] INFO  o.e.b.c.i.u.g.PublishedGradleVersions - Gradle version information cache is out-of-date. Trying to update.
2023-02-16 08:59:06,632 [Worker-8: Loading available Gradle versions] INFO  o.e.b.c.i.u.g.PublishedGradleVersions - Gradle version information cache is out-of-date. Trying to update.
2023-02-17 09:04:12,909 [Worker-8: Loading available Gradle versions] INFO  o.e.b.c.i.u.g.PublishedGradleVersions - Gradle version information cache is out-of-date. Trying to update.
2023-02-21 08:45:18,655 [Worker-2: Loading available Gradle versions] INFO  o.e.b.c.i.u.g.PublishedGradleVersions - Gradle version information cache is out-of-date. Trying to update.
2023-02-21 08:54:23,857 [Worker-9: Loading available Gradle versions] INFO  o.e.b.c.i.u.g.PublishedGradleVersions - Gradle version information cache is up-to-date. Trying to read.
2023-03-09 10:42:32,168 [Worker-9: Loading available Gradle versions] INFO  o.e.b.c.i.u.g.PublishedGradleVersions - Gradle version information cache is up-to-date. Trying to read.
2023-03-14 09:00:59,916 [Worker-7: Loading available Gradle versions] INFO  o.e.b.c.i.u.g.PublishedGradleVersions - Gradle version information cache is out-of-date. Trying to update.
2023-03-14 15:26:34,274 [Worker-92: http://downloads.sourceforge.net/project/sapnweclipse/updates/features/com.sap.netweaver.porta.ide.eclipse.feature_0.4.2.200908121739.jar] INFO  o.a.h.c.h.i.c.HttpRequestRetryExec - Recoverable I/O exception (org.apache.hc.core5.http.NoHttpResponseException) caught when processing request to {}->http://jaist.dl.sourceforge.net:80
2023-03-14 15:26:34,559 [Worker-97: http://downloads.sourceforge.net/project/sapnweclipse/updates/features/com.sap.netweaver.porta.ide.eclipse.feature_0.4.2.200908121739.jar] INFO  o.a.h.c.h.i.c.HttpRequestRetryExec - Recoverable I/O exception (org.apache.hc.core5.http.NoHttpResponseException) caught when processing request to {}->http://jaist.dl.sourceforge.net:80
2023-03-14 15:26:35,794 [Worker-87: http://downloads.sourceforge.net/project/sapnweclipse/updates/features/com.sap.netweaver.porta.ide.eclipse.feature_0.5.0.200909151631.jar] INFO  o.a.h.c.h.i.c.HttpRequestRetryExec - Recoverable I/O exception (org.apache.hc.core5.http.NoHttpResponseException) caught when processing request to {}->http://jaist.dl.sourceforge.net:80
2023-03-14 15:26:36,215 [Worker-96: http://downloads.sourceforge.net/project/sapnweclipse/updates/features/com.sap.netweaver.porta.ide.eclipse.feature_0.5.0.200909151631.jar] INFO  o.a.h.c.h.i.c.HttpRequestRetryExec - Recoverable I/O exception (org.apache.hc.core5.http.NoHttpResponseException) caught when processing request to {}->http://jaist.dl.sourceforge.net:80
2023-03-14 15:26:36,485 [Worker-87: http://downloads.sourceforge.net/project/sapnweclipse/updates/features/com.sap.netweaver.porta.ide.eclipse.feature_0.5.1.200910061011.jar] INFO  o.a.h.c.h.i.c.HttpRequestRetryExec - Recoverable I/O exception (org.apache.hc.core5.http.NoHttpResponseException) caught when processing request to {}->http://jaist.dl.sourceforge.net:80
2023-03-14 15:26:38,145 [Worker-96: http://downloads.sourceforge.net/project/sapnweclipse/updates/features/com.sap.netweaver.porta.ide.eclipse.feature_0.6.3.201004231243.jar] INFO  o.a.h.c.h.i.c.HttpRequestRetryExec - Recoverable I/O exception (org.apache.hc.core5.http.NoHttpResponseException) caught when processing request to {}->http://jaist.dl.sourceforge.net:80
2023-03-14 15:26:38,614 [Worker-92: http://downloads.sourceforge.net/project/sapnweclipse/updates/features/com.sap.netweaver.porta.ide.eclipse.feature_0.6.3.201004231243.jar] INFO  o.a.h.c.h.i.c.HttpRequestRetryExec - Recoverable I/O exception (org.apache.hc.core5.http.NoHttpResponseException) caught when processing request to {}->http://jaist.dl.sourceforge.net:80
2023-03-14 15:26:38,933 [Worker-97: http://downloads.sourceforge.net/project/sapnweclipse/updates/features/com.sap.netweaver.porta.ide.eclipse.feature_0.7.0.201005031829.jar] INFO  o.a.h.c.h.i.c.HttpRequestRetryExec - Recoverable I/O exception (org.apache.hc.core5.http.NoHttpResponseException) caught when processing request to {}->http://jaist.dl.sourceforge.net:80
2023-03-14 15:26:39,227 [Worker-98: http://downloads.sourceforge.net/project/sapnweclipse/updates/features/com.sap.netweaver.porta.ide.eclipse.feature_0.7.0.201005031829.jar] INFO  o.a.h.c.h.i.c.HttpRequestRetryExec - Recoverable I/O exception (org.apache.hc.core5.http.NoHttpResponseException) caught when processing request to {}->http://jaist.dl.sourceforge.net:80
2023-03-14 15:26:39,708 [Worker-92: http://downloads.sourceforge.net/project/sapnweclipse/updates/features/com.sap.netweaver.porta.ide.eclipse.compatibility.feature_0.1.0.201005191610.jar] INFO  o.a.h.c.h.i.c.HttpRequestRetryExec - Recoverable I/O exception (org.apache.hc.core5.http.NoHttpResponseException) caught when processing request to {}->http://jaist.dl.sourceforge.net:80
2023-03-14 15:26:40,294 [Worker-87: http://downloads.sourceforge.net/project/sapnweclipse/updates/features/com.sap.netweaver.porta.ide.eclipse.feature_0.7.1.201005191610.jar] INFO  o.a.h.c.h.i.c.HttpRequestRetryExec - Recoverable I/O exception (org.apache.hc.core5.http.NoHttpResponseException) caught when processing request to {}->http://jaist.dl.sourceforge.net:80
2023-03-14 15:26:41,031 [Worker-97: http://downloads.sourceforge.net/project/sapnweclipse/updates/features/com.sap.netweaver.porta.ide.eclipse.feature_0.7.1.201005191610.jar] INFO  o.a.h.c.h.i.c.HttpRequestRetryExec - Recoverable I/O exception (org.apache.hc.core5.http.NoHttpResponseException) caught when processing request to {}->http://jaist.dl.sourceforge.net:80
2023-03-14 15:26:41,464 [Worker-91: http://downloads.sourceforge.net/project/sapnweclipse/updates/features/com.sap.netweaver.porta.ide.eclipse.feature_0.7.2.201006211643.jar] INFO  o.a.h.c.h.i.c.HttpRequestRetryExec - Recoverable I/O exception (org.apache.hc.core5.http.NoHttpResponseException) caught when processing request to {}->http://jaist.dl.sourceforge.net:80
2023-03-14 15:26:41,916 [Worker-98: http://downloads.sourceforge.net/project/sapnweclipse/updates/features/com.sap.netweaver.porta.ide.eclipse.feature_0.7.2.201006211643.jar] INFO  o.a.h.c.h.i.c.HttpRequestRetryExec - Recoverable I/O exception (org.apache.hc.core5.http.NoHttpResponseException) caught when processing request to {}->http://jaist.dl.sourceforge.net:80
2023-03-15 08:55:11,724 [Worker-1: Loading available Gradle versions] INFO  o.e.b.c.i.u.g.PublishedGradleVersions - Gradle version information cache is up-to-date. Trying to read.
2023-03-15 17:37:44,504 [Worker-7: Loading available Gradle versions] INFO  o.e.b.c.i.u.g.PublishedGradleVersions - Gradle version information cache is out-of-date. Trying to update.
2023-03-15 17:52:11,369 [Worker-8: Loading available Gradle versions] INFO  o.e.b.c.i.u.g.PublishedGradleVersions - Gradle version information cache is up-to-date. Trying to read.
2023-03-16 09:01:49,406 [Worker-2: Loading available Gradle versions] INFO  o.e.b.c.i.u.g.PublishedGradleVersions - Gradle version information cache is up-to-date. Trying to read.
2023-03-17 08:56:36,887 [Worker-6: Loading available Gradle versions] INFO  o.e.b.c.i.u.g.PublishedGradleVersions - Gradle version information cache is out-of-date. Trying to update.
2023-03-20 09:01:02,544 [Worker-2: Loading available Gradle versions] INFO  o.e.b.c.i.u.g.PublishedGradleVersions - Gradle version information cache is out-of-date. Trying to update.
2023-03-20 11:49:26,111 [Worker-8: Loading available Gradle versions] INFO  o.e.b.c.i.u.g.PublishedGradleVersions - Gradle version information cache is up-to-date. Trying to read.
2023-03-20 17:37:36,804 [Worker-1: Loading available Gradle versions] INFO  o.e.b.c.i.u.g.PublishedGradleVersions - Gradle version information cache is up-to-date. Trying to read.
2023-03-21 09:04:15,722 [Worker-1: Loading available Gradle versions] INFO  o.e.b.c.i.u.g.PublishedGradleVersions - Gradle version information cache is out-of-date. Trying to update.
